<?xml version="1.0" encoding="UTF-8"?>
<testng-results ignored="0" total="2" passed="2" failed="0" skipped="0">
  <reporter-output>
  </reporter-output>
  <suite started-at="2023-01-29T10:36:32Z" name="Suite" finished-at="2023-01-29T10:36:51Z" duration-ms="18619">
    <groups>
    </groups>
    <test started-at="2023-01-29T10:36:32Z" name="Test" finished-at="2023-01-29T10:36:51Z" duration-ms="18619">
      <class name="org.learntestngframework.TryClass">
        <test-method signature="openAmazon()[pri:0, instance:org.learntestngframework.TryClass@176b75f7]" started-at="2023-01-29T10:36:32Z" name="openAmazon" finished-at="2023-01-29T10:36:51Z" duration-ms="18543" status="PASS">
          <reporter-output>
          </reporter-output>
        </test-method> <!-- openAmazon -->
        <test-method signature="openFB()[pri:0, instance:org.learntestngframework.TryClass@176b75f7]" started-at="2023-01-29T10:36:32Z" name="openFB" finished-at="2023-01-29T10:36:47Z" duration-ms="14783" status="PASS">
          <reporter-output>
          </reporter-output>
        </test-method> <!-- openFB -->
      </class> <!-- org.learntestngframework.TryClass -->
    </test> <!-- Test -->
  </suite> <!-- Suite -->
</testng-results>
